
02.03.2006 08:51= test copia.pdf -> request id is Phaser_4500N-20 (1 file(s))
02.03.2006 08:53= test.pdf -> request id is Phaser_4500N-21 (1 file(s))
02.03.2006 08:53= test.pdf -> request id is Phaser_4500N-22 (1 file(s))
02.03.2006 08:53= test copia.pdf -> request id is Phaser_4500N-23 (1 file(s))
02.03.2006 08:54= test copia.pdf -> request id is Phaser_4500N-24 (1 file(s))
02.03.2006 08:54= test copia.pdf -> request id is Phaser_4500N-25 (1 file(s))
02.03.2006 20:54= test.pdf -> request id is Phaser_4500N-26 (1 file(s))
02.03.2006 20:54= test copia.pdf -> request id is Phaser_4500N-27 (1 file(s))
02.03.2006 21:01= test copia.pdf -> request id is Phaser_4500N-28 (1 file(s))
02.03.2006 21:04= test.pdf -> request id is Phaser_4500N-29 (1 file(s))
02.03.2006 21:05= test.pdf -> request id is Phaser_4500N-30 (1 file(s))
02.03.2006 21:05= test.pdf -> request id is Phaser_4500N-31 (1 file(s))
02.03.2006 21:06= test.pdf -> request id is Phaser_4500N-32 (1 file(s))
02.03.2006 21:06= test copia.pdf -> request id is Phaser_4500N-33 (1 file(s))
02.03.2006 21:08= test.pdf -> request id is Phaser_4500N-34 (1 file(s))
02.03.2006 21:08= test copia.pdf -> request id is Phaser_4500N-35 (1 file(s))
02.03.2006 21:15= test copia.pdf -> request id is Phaser_4500N-36 (1 file(s))
02.03.2006 21:17= test.pdf -> request id is Phaser_4500N-37 (1 file(s))














































02.03.2006 21:32= test copia.pdf -> request id is Phaser-37 (1 file(s))
02.03.2006 21:37= test copia 5.pdf -> request id is Phaser-38 (1 file(s))
02.03.2006 21:37= test copia.pdf -> request id is Phaser-39 (1 file(s))
02.03.2006 21:39= test copia.pdf -> request id is Phaser-40 (1 file(s))
02.03.2006 21:39= test copia 1.pdf -> request id is Phaser-41 (1 file(s))
02.03.2006 21:39= test copia 2.pdf -> request id is Phaser-42 (1 file(s))
02.03.2006 21:40= test copia 3.pdf -> request id is Phaser-43 (1 file(s))
02.03.2006 21:40= test copia 4.pdf -> request id is Phaser-44 (1 file(s))
02.03.2006 21:40= test copia 5.pdf -> request id is Phaser-45 (1 file(s))
02.03.2006 21:49= 11649_INT@1-8-73-80.pdf -> request id is Phaser-46 (1 file(s))
02.03.2006 22:14= 11649_INT@1-8-73-80.pdf -> request id is Phaser-47 (1 file(s))
03.03.2006 09:42= 11649_INT@9-24-57-72.pdf -> request id is Phaser-48 (1 file(s))
